<?xml version="1.0" encoding="UTF-8"?>
<testsuite name="com.phonebook.tests.LoginTests" tests="1" skipped="0" failures="0" errors="0" timestamp="2024-03-04T10:48:44" hostname="LAPTOP-G270V9TN" time="1.45">
  <properties/>
  <testcase name="loginPositiveTest" classname="com.phonebook.tests.LoginTests" time="1.45"/>
  <system-out><![CDATA[11:48:44.704 [Test worker] INFO com.phonebook.tests.TestBase -- Start test: loginPositiveTest with data: []
11:48:46.173 [Test worker] INFO com.phonebook.tests.TestBase -- PASSED: loginPositiveTest
11:48:46.174 [Test worker] INFO com.phonebook.tests.TestBase -- Stop test
11:48:46.174 [Test worker] INFO com.phonebook.tests.TestBase -- ***********************************************************************
]]></system-out>
  <system-err><![CDATA[]]></system-err>
</testsuite>
